<?xml version="1.0" encoding="UTF-8"?>
<robot generator="Robot 7.2.2 (Python 3.8.5 on win32)" generated="2025-05-06T14:12:15.758908" rpa="false" schemaversion="5">
<suite id="s1" name="Tests" source="C:\Users\harmo\Documents\Robot framework selenium\tests">
<suite id="s1-s1" name="Test" source="C:\Users\harmo\Documents\Robot framework selenium\tests\test.robot">
<test id="s1-s1-t1" name="singup the newuser" line="7">
<kw name="Open Browser" owner="SeleniumLibrary">
<msg time="2025-05-06T14:12:15.979608" level="INFO">Opening browser 'Chrome' to base url 'https://automationexercise.com/'.</msg>
<arg>${URL}</arg>
<arg>Chrome</arg>
<doc>Opens a new browser instance to the optional ``url``.</doc>
<status status="PASS" start="2025-05-06T14:12:15.979608" elapsed="4.887143"/>
</kw>
<kw name="go to Singup page" owner="keywords">
<kw name="Open Browser" owner="SeleniumLibrary">
<msg time="2025-05-06T14:12:20.867653" level="INFO">Opening browser 'firefox' to base url 'https://automationexercise.com/login'.</msg>
<arg>${urllogin}</arg>
<doc>Opens a new browser instance to the optional ``url``.</doc>
<status status="PASS" start="2025-05-06T14:12:20.867653" elapsed="8.736968"/>
</kw>
<status status="PASS" start="2025-05-06T14:12:20.866751" elapsed="8.737870"/>
</kw>
<kw name="input the username" owner="keywords">
<kw name="Input Text" owner="SeleniumLibrary">
<msg time="2025-05-06T14:12:29.605617" level="INFO">Typing text 'tester123' into text field 'name:name'.</msg>
<arg>name:name</arg>
<arg>${username}</arg>
<doc>Types the given ``text`` into the text field identified by ``locator``.</doc>
<status status="PASS" start="2025-05-06T14:12:29.605617" elapsed="0.103540"/>
</kw>
<status status="PASS" start="2025-05-06T14:12:29.605617" elapsed="0.104537"/>
</kw>
<kw name="input the email" owner="keywords">
<kw name="Input Text" owner="SeleniumLibrary">
<msg time="2025-05-06T14:12:29.711152" level="INFO">Typing text 'Tester123@gmail.com' into text field 'xpath=//input[@data-qa="signup-email"]'.</msg>
<arg>xpath=//input[@data-qa="signup-email"]</arg>
<arg>${email}</arg>
<doc>Types the given ``text`` into the text field identified by ``locator``.</doc>
<status status="PASS" start="2025-05-06T14:12:29.710154" elapsed="0.027818"/>
</kw>
<status status="PASS" start="2025-05-06T14:12:29.710154" elapsed="0.028816"/>
</kw>
<kw name="click singup" owner="keywords">
<kw name="Click Element" owner="SeleniumLibrary">
<msg time="2025-05-06T14:12:29.740964" level="INFO">Clicking element 'xpath=//button[@type="submit"]'.</msg>
<arg>xpath=//button[@type="submit"]</arg>
<doc>Click the element identified by ``locator``.</doc>
<status status="PASS" start="2025-05-06T14:12:29.739967" elapsed="0.261685"/>
</kw>
<status status="PASS" start="2025-05-06T14:12:29.739967" elapsed="0.261685"/>
</kw>
<kw name="Close All Browsers" owner="SeleniumLibrary">
<doc>Closes all open browsers and resets the browser cache.</doc>
<status status="PASS" start="2025-05-06T14:12:30.001652" elapsed="5.060370"/>
</kw>
<status status="PASS" start="2025-05-06T14:12:15.978641" elapsed="19.084379"/>
</test>
<test id="s1-s1-t2" name="add blue top in the prodructs" line="15">
<kw name="Open Browser" owner="SeleniumLibrary">
<msg time="2025-05-06T14:12:35.064194" level="INFO">Opening browser 'Chrome' to base url 'https://automationexercise.com/'.</msg>
<arg>${URL}</arg>
<arg>Chrome</arg>
<doc>Opens a new browser instance to the optional ``url``.</doc>
<status status="PASS" start="2025-05-06T14:12:35.064194" elapsed="5.248508"/>
</kw>
<kw name="click prodructs" owner="keywords">
<kw name="Click Element" owner="SeleniumLibrary">
<msg time="2025-05-06T14:12:40.314696" level="INFO">Clicking element 'xpath=//a[@href="/products"]'.</msg>
<arg>xpath=//a[@href="/products"]</arg>
<doc>Click the element identified by ``locator``.</doc>
<status status="PASS" start="2025-05-06T14:12:40.313699" elapsed="1.554968"/>
</kw>
<status status="PASS" start="2025-05-06T14:12:40.313699" elapsed="1.554968"/>
</kw>
<kw name="search prodructs" owner="keywords">
<kw name="Input Text" owner="SeleniumLibrary">
<msg time="2025-05-06T14:12:41.869665" level="INFO">Typing text 'blue top' into text field 'name:search'.</msg>
<arg>name:search</arg>
<arg>blue top</arg>
<doc>Types the given ``text`` into the text field identified by ``locator``.</doc>
<status status="PASS" start="2025-05-06T14:12:41.869665" elapsed="0.104368"/>
</kw>
<kw name="Click Element" owner="SeleniumLibrary">
<msg time="2025-05-06T14:12:41.974033" level="INFO">Clicking element 'id:submit_search'.</msg>
<arg>id:submit_search</arg>
<doc>Click the element identified by ``locator``.</doc>
<status status="PASS" start="2025-05-06T14:12:41.974033" elapsed="0.791553"/>
</kw>
<status status="PASS" start="2025-05-06T14:12:41.869665" elapsed="0.895921"/>
</kw>
<kw name="view product" owner="keywords">
<kw name="Click Element" owner="SeleniumLibrary">
<msg time="2025-05-06T14:12:42.766582" level="INFO">Clicking element 'xpath=//a[@href="/product_details/1" and contains (., "View Product")]'.</msg>
<arg>xpath=//a[@href="/product_details/1" and contains (., "View Product")]</arg>
<doc>Click the element identified by ``locator``.</doc>
<status status="PASS" start="2025-05-06T14:12:42.766582" elapsed="0.850025"/>
</kw>
<status status="PASS" start="2025-05-06T14:12:42.766582" elapsed="0.851020"/>
</kw>
<kw name="Quantity" owner="keywords">
<kw name="Input Text" owner="SeleniumLibrary">
<msg time="2025-05-06T14:12:43.618600" level="INFO">Typing text '5' into text field 'id:quantity'.</msg>
<arg>id:quantity</arg>
<arg>5</arg>
<doc>Types the given ``text`` into the text field identified by ``locator``.</doc>
<status status="PASS" start="2025-05-06T14:12:43.618600" elapsed="0.129037"/>
</kw>
<status status="PASS" start="2025-05-06T14:12:43.617602" elapsed="0.130035"/>
</kw>
<kw name="Add to cart" owner="keywords">
<kw name="Click Element" owner="SeleniumLibrary">
<msg time="2025-05-06T14:12:43.749630" level="INFO">Clicking element 'xpath=//button[@type="button"]'.</msg>
<arg>xpath=//button[@type="button"]</arg>
<doc>Click the element identified by ``locator``.</doc>
<status status="PASS" start="2025-05-06T14:12:43.748633" elapsed="0.064466"/>
</kw>
<status status="PASS" start="2025-05-06T14:12:43.748633" elapsed="0.064466"/>
</kw>
<kw name="Sleep" owner="BuiltIn">
<msg time="2025-05-06T14:12:58.820082" level="INFO">Slept 15 seconds.</msg>
<arg>15s</arg>
<doc>Pauses the test executed for the given time.</doc>
<status status="PASS" start="2025-05-06T14:12:43.814097" elapsed="15.005985"/>
</kw>
<status status="PASS" start="2025-05-06T14:12:35.063020" elapsed="23.757722"/>
</test>
<status status="PASS" start="2025-05-06T14:12:15.781852" elapsed="43.040882"/>
</suite>
<status status="PASS" start="2025-05-06T14:12:15.759906" elapsed="43.064820"/>
</suite>
<statistics>
<total>
<stat pass="2" fail="0" skip="0">All Tests</stat>
</total>
<tag>
</tag>
<suite>
<stat name="Tests" id="s1" pass="2" fail="0" skip="0">Tests</stat>
<stat name="Test" id="s1-s1" pass="2" fail="0" skip="0">Tests.Test</stat>
</suite>
</statistics>
<errors>
</errors>
</robot>
